)01( םייערא םימשר (4), )11( םייערא םימשר (2) ==> )01( םייערא םימשר
םיחמלפ .צ 431 שיבכ (2), םיחמלפ .צ 134 שיבכ (1) ==> םיחמלפ .צ 431 שיבכ
תודיחי 004 תיינבל יארשא (2), תודיחי 528 תיינבל יארשא (1) ==> תודיחי 004 תיינבל יארשא
םוקי.צ לייא .צ 551 שיבכ (2), םוקי.צ לייא .צ 155 שיבכ (1) ==> םוקי.צ לייא .צ 551 שיבכ
)2( םייתנוע םידבוע (2), )1( םייתנוע םידבוע (1), )3( םייתנוע םידבוע (1) ==> )2( םייתנוע םידבוע
(4) םיאגלמ תכרדה (2), )4( םיאגלמ תכרדה (1) ==> (4) םיאגלמ תכרדה
F I G ןרק (5), G I F ןרק (1) ==> F I G ןרק
21 - התימצ יתלב הדובע (10), 12 - התימצ יתלב הדובע (5) ==> 21 - התימצ יתלב הדובע
,458 ,998 ,688 םישיבכ (3), ,854 ,899 ,886 םישיבכ (2) ==> ,458 ,998 ,688 םישיבכ
475 ,455 ,355 םישיבכ (3), 574 ,554 ,553 םישיבכ (2) ==> 475 ,455 ,355 םישיבכ
,854 ,899 ,886 םישיבכ (3), ,458 ,998 ,688 םישיבכ (2) ==> ,854 ,899 ,886 םישיבכ
45 שיבכ (3), 54 שיבכ (2) ==> 45 שיבכ
574 ,554 ,553 םישיבכ (3), 475 ,455 ,355 םישיבכ (2) ==> 574 ,554 ,553 םישיבכ
412 ,410,411 םישיבכ (3), 214 ,114,014 םישיבכ (2) ==> 412 ,410,411 םישיבכ
99, 91 'סמ םישיבכ (3), 99, 19 'סמ םישיבכ (2) ==> 99, 91 'סמ םישיבכ
,461 ,431 בחור ישיבכ (3), ,164 ,134 בחור ישיבכ (2) ==> ,461 ,431 בחור ישיבכ
GIS תכרעמ (3), SIG תכרעמ (2) ==> GIS תכרעמ
31 ביצקת תופתתשה (6), 13 ביצקת תופתתשה (3) ==> 31 ביצקת תופתתשה
1998 עבט יקזנ (4), 8991 עבט יקזנ (3) ==> 1998 עבט יקזנ
2001 תנשל תוקנעה (5), 1002 תנשל תוקנעה (4) ==> 2001 תנשל תוקנעה
ןונכתו חוקיפ ,לועפת (3), ןונכתו חוקיפו לועפת (1) ==> ןונכתו חוקיפ ,לועפת
םינופלאפ (11), םינופאלפ (4) ==> םינופלאפ
ימואל חוטיבל דסומהמ "למ (4), ימו`ל חוטיבל דסומהמ "למ (1) ==> ימואל חוטיבל דסומהמ "למ
(1.5) התימצ יתלב הדובע (4), )5.1( התימצ יתלב הדובע (3) ==> (1.5) התימצ יתלב הדובע
ושמומש לארשי קנב יחוור (3), ושמומש ל`רשי קנב יחוור (1) ==> ושמומש לארשי קנב יחוור
ןומימב 24 ףיעס תופתתשה (2), ןומימב 42 ףיעס תופתתשה (1) ==> ןומימב 24 ףיעס תופתתשה
תועיסנו בכר תקזחא (11), תועיסנו בכר תקזחה (3) ==> תועיסנו בכר תקזחא
)05( םייתנוע םידבוע (3), )34( םייתנוע םידבוע (2), )44( םייתנוע םידבוע (1) ==> )05( םייתנוע םידבוע
ישדוח) תיערא הדובע (5), ישדוח( תיערא הדובע (3) ==> ישדוח) תיערא הדובע
(גנירוקס) ןוכיס תלמע (4), )גנירוקס( ןוכיס תלמע (2) ==> (גנירוקס) ןוכיס תלמע
ןיערג תיב תמקה (3), ןיעלג תיב תמקה (1) ==> ןיערג תיב תמקה
הלוחמ וחירי-90 שיבכ -צ (3), הלוחמ וחירי-09 שיבכ -צ (2) ==> הלוחמ וחירי-90 שיבכ -צ
ללהנ-ישי 3-75 שיבכ -צ (3), ללהנ-ישי 57-3 שיבכ -צ (2) ==> ללהנ-ישי 3-75 שיבכ -צ
- יבשתה- 722 שיבכ -צ (3), - יבשתה- 227 שיבכ -צ (2) ==> - יבשתה- 722 שיבכ -צ
,11,12 שיבכ ןיעידומ (2), ,21,11 שיבכ ןיעידומ (1) ==> ,11,12 שיבכ ןיעידומ
ןד - קית ילב רש תכשל (2), ןד - יקת ילב רש תכשל (1) ==> ןד - קית ילב רש תכשל
דע) םינטק םינונכת (3), דע( םינטק םינונכת (2) ==> דע) םינטק םינונכת
םיאנכטו םיאסדנה תרשכה (8), םיאנכטו םיאסדנה הרשכה (5) ==> םיאנכטו םיאסדנה תרשכה
004,1 תיינבל םיקנעמ (4), 1,400 תיינבל םיקנעמ (1) ==> 004,1 תיינבל םיקנעמ
ד"חי 008 תבחרהל םיקנעמ (3), ד"חי 800 תבחרהל םיקנעמ (1) ==> ד"חי 008 תבחרהל םיקנעמ
)ה'גלוו( תורהנמ ףקוע (5), (ה'גלוו) תורהנמ ףקוע (2) ==> )ה'גלוו( תורהנמ ףקוע
ימכסהו רכשל הדיחי בושחמ (2), ימכסהו הכשל הדיחי בושחמ (1) ==> ימכסהו רכשל הדיחי בושחמ
הרדח (2), הרבח (1) ==> הרדח
13 ףיעסמ תופתתשה (3), 31 ףיעסמ תופתתשה (2) ==> 13 ףיעסמ תופתתשה
תונועמב יתיב ץוח לופט (14), תונועמב ותיב ץוח לופט (4) ==> תונועמב יתיב ץוח לופט
6991 הלוחה טקייורפ (3), 1996 הלוחה טקייורפ (1) ==> 6991 הלוחה טקייורפ
פ"שרל םימולשת תרבעה (9), תושרל םימולשת תרבעה (3) ==> פ"שרל םימולשת תרבעה
13 ףיעסמ תופתתשה (4), 31 ףיעסמ תופתתשה (3) ==> 13 ףיעסמ תופתתשה
(%60) ר"גע הנתומ קנעמ (9), )%06( ר"גע הנתומ קנעמ (6) ==> (%60) ר"גע הנתומ קנעמ
(%40) ר'גע יארשא (9), )%04( ר'גע יארשא (6) ==> (%40) ר'גע יארשא
םיילהנימ תוסנקמ  הסנכה (5), םיילהנימ תוסנקמ תוסנכה (2) ==> םיילהנימ תוסנקמ  הסנכה
551 שיבכ (4), 155 שיבכ (1) ==> 551 שיבכ
יברעמ עטק - 531 שיבכ (4), יברעמ עטק - 135 שיבכ (2) ==> יברעמ עטק - 531 שיבכ
תרכזמ -411 שיבכ (4), תרכזמ -114 שיבכ (2) ==> תרכזמ -411 שיבכ
םישדח 441 םיכירדמ רכש (3), םישדח 144 םיכירדמ רכש (1) ==> םישדח 441 םיכירדמ רכש
83 בגנה תליא לוחמ תקהל (3), 38 בגנה תליא לוחמ תקהל (2) ==> 83 בגנה תליא לוחמ תקהל
לארשיב תימיה הללכמה (7), לארשיל תימיה הללכמה (2) ==> לארשיב תימיה הללכמה
-ירוטלובמא לופטמ הסנכה (2), ,ירוטלובמא לופטמ הסנכה (1) ==> -ירוטלובמא לופטמ הסנכה
תויזכרמ תוסנכהל תרבעה (10), תויזכרמ תוסנכהל הרבעה (1) ==> תויזכרמ תוסנכהל תרבעה
2005-2006 עבט תונוסא (3), 6002-5002 עבט תונוסא (2) ==> 2005-2006 עבט תונוסא
םולשת -1994 עבט ןוסא (3), םולשת -4991 עבט ןוסא (2) ==> םולשת -1994 עבט ןוסא
ירקחמ - 2009 'א הנש (2), ירקחמ - 8002 'א הנש (1), ירקחמ - 2008 'א הנש (1) ==> ירקחמ - 2009 'א הנש
- םירמושה - 75 שיבכ (3), - םירמושה - 57 שיבכ (2) ==> - םירמושה - 75 שיבכ
רכשב תויורקייתהל הברזר (17), )10( תויורקייתהל הברזר (2) ==> רכשב תויורקייתהל הברזר
- תותנע) תיחרזמ תעבט (2), - תותנע( תיחרזמ תעבט (1) ==> - תותנע) תיחרזמ תעבט
1999 יליחתמ - םיר"כלמ (4), 9991 יליחתמ - םיר"כלמ (3) ==> 1999 יליחתמ - םיר"כלמ
1999 יליחתמ - הלשממ (4), 9991 יליחתמ - הלשממ (3) ==> 1999 יליחתמ - הלשממ
1999 יליחתמ - הישעת (4), 9991 יליחתמ - הישעת (3) ==> 1999 יליחתמ - הישעת
הרטשמ ינבמ ץופישו המקה (11), הרטשמ ינבמ ץופישו תמקה (7) ==> הרטשמ ינבמ ץופישו המקה
םירולדגמ ץופישו חותיפ (3), םירולדגמ ץןפישו חותיפ (2) ==> םירולדגמ ץופישו חותיפ
ןיבורעו תואווקמ (7), םיבורעו תואווקמ (5) ==> ןיבורעו תואווקמ
יתבל 24 ףיעסמ הרבעה (9), יתבל 42 ףיעסמ הרבעה (6) ==> יתבל 24 ףיעסמ הרבעה
FAB28 - לטניא (6), 82BAF - לטניא (3) ==> FAB28 - לטניא
)4( םייתנוע םידבוע (2), )8( םייתנוע םידבוע (1) ==> )4( םייתנוע םידבוע
תלהנמ).W.D.Aל ץועיי (5), תלהנמ(.W.D.Aל ץועיי (4) ==> תלהנמ).W.D.Aל ץועיי
תכרעמ) בושחמ טקיורפ (4), תכרעמ( בושחמ טקיורפ (3) ==> תכרעמ) בושחמ טקיורפ
- 13 ףיעסמ תופתתשה (4), - 31 ףיעסמ תופתתשה (3) ==> - 13 ףיעסמ תופתתשה
תודיחי 300 תיינבל יארשא (9), תודיחי 003 תיינבל יארשא (6) ==> תודיחי 300 תיינבל יארשא
174 תיבכמ שיבכ (4), 471 תיבכמ שיבכ (1) ==> 174 תיבכמ שיבכ
הכשל ללוכ( תיערא הדובע (9), הכשל ללוכ) תיערא הדובע (6) ==> הכשל ללוכ( תיערא הדובע
13 ףיעסמ תופתתשה (2), 31 ףיעסמ תופתתשה (1) ==> 13 ףיעסמ תופתתשה
80 ףיעסב תופתתשה (2), 08 ףיעסב תופתתשה (1) ==> 80 ףיעסב תופתתשה
םוי תונועמב תוסכמ 100 (4), םוי תונועמב תוסכמ 001 (1) ==> םוי תונועמב תוסכמ 100
יתלשממ בכר תקזחא (3), יתלשממ בכר תקזחה (1) ==> יתלשממ בכר תקזחא
-ירוטלובמא לופטמ תוסנכה (2), ,ירוטלובמא לופטמ תוסנכה (1) ==> -ירוטלובמא לופטמ תוסנכה
)2( םייתנוע םידבוע (2), )3( םייתנוע םידבוע (1) ==> )2( םייתנוע םידבוע
32 ץורע תוסנכה (5), 23 ץורע תוסנכה (4) ==> 32 ץורע תוסנכה
2000 בושחמ (3), 0002 בושחמ (2) ==> 2000 בושחמ
ימעפ-דח )1( םיבכר תשיכר (4), ימעפ-דח (1) םיבכר תשיכר (1), ימעפ-דח )2( םיבכר תשיכר (1) ==> ימעפ-דח )1( םיבכר תשיכר
75 'סמ שיבכ (3), 57 'סמ שיבכ (2) ==> 75 'סמ שיבכ
56 םישיבכ (3), 65 םישיבכ (2) ==> 56 םישיבכ
06 סמ שיבכ (3), 60 סמ שיבכ (2) ==> 06 סמ שיבכ
רפכ ףקוע 07 סמ שיבכ (3), רפכ ףקוע 70 סמ שיבכ (2) ==> רפכ ףקוע 07 סמ שיבכ
43 ,53 ,63 םישיבכ (3), 34 ,35 ,36 םישיבכ (2) ==> 43 ,53 ,63 םישיבכ
רפכ ףקוע 57 'סמ שיבכ (3), רפכ ףקוע 75 'סמ שיבכ (2) ==> רפכ ףקוע 57 'סמ שיבכ
25,31 סמ שיבכ (3), 13,52 סמ שיבכ (2) ==> 25,31 סמ שיבכ
- וליב .צ 40 סמ שיבכ (3), - וליב .צ 04 סמ שיבכ (2) ==> - וליב .צ 40 סמ שיבכ
42,44 םישיבכ (3), 44,24 םישיבכ (2) ==> 42,44 םישיבכ
34 ,35 ,36 םישיבכ (3), 43 ,53 ,63 םישיבכ (2) ==> 34 ,35 ,36 םישיבכ
ףתושמ סוטרכ (5), ףתושמ סיטרכ (1) ==> ףתושמ סוטרכ
המידק דעצ תועצמאב לופיט (5), המידק דעצ תועצמאה לופיט (1) ==> המידק דעצ תועצמאב לופיט
)םוקיש( םוקיש ףגא (5), (םוקיש) םוקיש ףגא (3) ==> )םוקיש( םוקיש ףגא
םיריחס אל תוולמ (8), תוריחס אל תוולמ (1) ==> םיריחס אל תוולמ
- 83 ףיעסב תופתתשה (2), - 38 ףיעסב תופתתשה (1) ==> - 83 ףיעסב תופתתשה
.צ הבחרה - 453 שיבכ -מ (2), .צ הבחרה - 354 שיבכ -מ (1) ==> .צ הבחרה - 453 שיבכ -מ
80 ףיעסב תופתתשה (2), 08 ףיעסב תופתתשה (1) ==> 80 ףיעסב תופתתשה
ןוחטב, הרימש תואצוה (17), ןוחטבו הרימש תואצוה (2) ==> ןוחטב, הרימש תואצוה
א"כ תורבח תועצמאב הקסעה (11), א"כ תורבח תואצמאב הקסעה (1) ==> א"כ תורבח תועצמאב הקסעה
87 הזוחב צ"בע (6), 78 הזוחב צ"בע (5) ==> 87 הזוחב צ"בע
טפנ ישופחל עדימ תיתשת (12), טפנ ישופתל עדימ תיתשת (4) ==> טפנ ישופחל עדימ תיתשת
2000 תוריית (8), 0002 תוריית (7) ==> 2000 תוריית
53 ףיעס תופתתשה (3), 35 ףיעס תופתתשה (2) ==> 53 ףיעס תופתתשה
תודיחי יוניבל הברזר (8), תודיחי יוניפל הברזר (2) ==> תודיחי יוניבל הברזר
32 ץורע תוסנכה (5), 23 ץורע תוסנכה (4) ==> 32 ץורע תוסנכה
א"כ תשיכר- 2000 תוכרעה (3), א"כ תשיכר- 0002 תוכרעה (2) ==> א"כ תשיכר- 2000 תוכרעה
5991 ינפל חותיפ תולועפ (2), 1995 ינפל חותיפ תולועפ (1) ==> 5991 ינפל חותיפ תולועפ
תעינמל תוקופת יפל בוצקת (8), תעינמו תוקופת יפל בוצקת (1) ==> תעינמל תוקופת יפל בוצקת
אלל) םיאלמיגו החוור (8), אלל( םיאלמיגו החוור (5) ==> אלל) םיאלמיגו החוור
(13) םיטנדוטס תקסעה (3), )31( םיטנדוטס תקסעה (1) ==> (13) םיטנדוטס תקסעה
הדובעה דרשמה תופתתשה (11), הדובעה דרשמב תופתתשה (1) ==> הדובעה דרשמה תופתתשה
98 דע הינבל חותיפ תמלשה (3), 89 דע הינבל חותיפ תמלשה (2) ==> 98 דע הינבל חותיפ תמלשה
DIA-ה םע תפתושמ תינכות (5), AID-ה םע תפתושמ תינכות (2) ==> DIA-ה םע תפתושמ תינכות
07 םימודא הלעמ (10), 70 םימודא הלעמ (9) ==> 07 םימודא הלעמ
ןיעידומ 431 שיבכ (6), ןיעידומ 134 שיבכ (3) ==> ןיעידומ 431 שיבכ
45 שיבכל רוביח (5), 54 שיבכל רוביח (3) ==> 45 שיבכל רוביח
0002 תנשל תוכרעה (4), 2000 תנשל תוכרעה (3) ==> 0002 תנשל תוכרעה
תודקפהו תויסימאמ הסנכה (17), תודקפהו תויסימ`מ הסנכה (1) ==> תודקפהו תויסימאמ הסנכה
תרושקת - 36 א"מת (6), תרושקת - 63 א"מת (5) ==> תרושקת - 36 א"מת
2003 ךטירגא (2), 3002 ךטירגא (1) ==> 2003 ךטירגא
תעבג תורטע - 45 שיבכ (2), תעבג תורטע - 54 שיבכ (1) ==> תעבג תורטע - 45 שיבכ
לופיטו ץועי הכרדה (7), לופיטו ץועי תכרדה (2) ==> לופיטו ץועי הכרדה
O.X.F תלעפה (8), F.X.O תלעפה (5) ==> O.X.F תלעפה
לטפסוי ףלחמ-20 שיבכ (3), לטפסוי ףלחמ-02 שיבכ (2) ==> לטפסוי ףלחמ-20 שיבכ
דע) םישיבכ חותיפ-א"ת (7), דע( םישיבכ חותיפ-א"ת (5) ==> דע) םישיבכ חותיפ-א"ת
E1 רתאל השיג שיבכ (5), 1E רתאל השיג שיבכ (2) ==> E1 רתאל השיג שיבכ
ילכ - הרבסהו ןוכימ (3), ילכ - הרבסהו ןוגימ (2) ==> ילכ - הרבסהו ןוכימ
)םוקיש ףגא( םילומגת (5), (םוקיש ףגא) םילומגת (3) ==> )םוקיש ףגא( םילומגת
5991 ינפל תופטוש תולועפ (2), 1995 ינפל תופטוש תולועפ (1) ==> 5991 ינפל תופטוש תולועפ
79 תנשב עבט עקזנ (5), 97 תנשב עבט עקזנ (4) ==> 79 תנשב עבט עקזנ
הכימת - 1999 םימ ץוציק (2), הכימת - 9991 םימ ץוציק (1) ==> הכימת - 1999 םימ ץוציק
34 ןוקיתל תוכרעה (7), 43 ןוקיתל תוכרעה (4) ==> 34 ןוקיתל תוכרעה
80 ףיעסב תופתתשה (2), 08 ףיעסב תופתתשה (1) ==> 80 ףיעסב תופתתשה
תויתשת - רזייק רתא (2), תויתשת - רדייק רתא (1) ==> תויתשת - רזייק רתא
לש יביטמרונ בוצקת (5), 70 יביטמרונ בוצקת (1) ==> לש יביטמרונ בוצקת
BOT תדיחי (8), TOB תדיחי (5) ==> BOT תדיחי
םיעצמא ,בכר ,דויצ (17), םיעצמאו בכר ,דויצ (2) ==> םיעצמא ,בכר ,דויצ
461 שיבכ (4), 164 שיבכ (2) ==> 461 שיבכ
40 שיבכ- הרואת (2), 04 שיבכ- הרואת (1) ==> 40 שיבכ- הרואת
ישדוח) תיערא הדובע (5), ישדוח( תיערא הדובע (3) ==> ישדוח) תיערא הדובע
ןוחטיב ירדח 65 תיינב (2), ןוחטיב ירדח 56 תיינב (1) ==> ןוחטיב ירדח 65 תיינב
ןפת-תולעמ-89 שיבכ -צ (3), ןפת-תולעמ-98 שיבכ -צ (2) ==> ןפת-תולעמ-89 שיבכ -צ
7991 יליחתמ - הלשממ (2), 1997 יליחתמ - הלשממ (1) ==> 7991 יליחתמ - הלשממ
7991 יליחתמ - םיר"כלמ (2), 1997 יליחתמ - םיר"כלמ (1) ==> 7991 יליחתמ - םיר"כלמ
תויומלתשה, הכרדה (17), תויומלתשהו הכרדה (2) ==> תויומלתשה, הכרדה
רדח) םיטנדוטס תקסעה (3), רדח( םיטנדוטס תקסעה (1) ==> רדח) םיטנדוטס תקסעה
ISO 9000 תוקלחמב ןויסנ (5), OSI 0009 תוקלחמב ןויסנ (4) ==> ISO 9000 תוקלחמב ןויסנ
לארשי "רקמ להניממ הסנכה (4), ל`רשי "רקמ להניממ הסנכה (1) ==> לארשי "רקמ להניממ הסנכה
תלהנמה לועפת (13), הלהנמה לועפת (1) ==> תלהנמה לועפת
)01( םולש יטפוש (3), )53( םולש יטפוש (1), )25( םולש יטפוש (1) ==> )01( םולש יטפוש
ימ תלפתהל זכרמל ץועיי (3), ימ תלפתהל זרכמל ץועיי (1) ==> ימ תלפתהל זכרמל ץועיי
סמ תייבגמ %57 תרבעה (11), סמ תייבגמ %75 תרבעה (7), סמ תייבגמ 75% תרבעה (4), סמ תייבגמ 57% תרבעה (2) ==> סמ תייבגמ %57 תרבעה
- 13 ףיעסמ תופתתשה (4), - 31 ףיעסמ תופתתשה (3) ==> - 13 ףיעסמ תופתתשה
)רשנ טסופ ק'צ( הדוהי רב (10), (רשנ טסופ ק'צ) הדוהי רב (5) ==> )רשנ טסופ ק'צ( הדוהי רב
(%25) תומיע וק קנעמ (7), )%52( תומיע וק קנעמ (5) ==> (%25) תומיע וק קנעמ
(%75) תומיע וק יארשא (7), )%57( תומיע וק יארשא (5) ==> (%75) תומיע וק יארשא
)תורשמ 031( הקפה תואצוה (5), )תורשמ 021( הקפה תואצוה (1) ==> )תורשמ 031( הקפה תואצוה
- הרנמ) םילול תקתעה (2), - הרנמ( םילול תקתעה (1) ==> - הרנמ) םילול תקתעה
'צ - טלבנ 'צ - 453 שיבכ (2), 'צ - טלבנ 'צ - 354 שיבכ (1) ==> 'צ - טלבנ 'צ - 453 שיבכ
הלופע ףקוע - 65 שיבכ (2), הלופע ףקוע - 56 שיבכ (1) ==> הלופע ףקוע - 65 שיבכ
תוגולפ-היכרב : 35 שיבכ (2), תוגולפ-היכרב : 53 שיבכ (1) ==> תוגולפ-היכרב : 35 שיבכ
תמקה - ןוריע ל"חנ (3), המקה - ןוריע ל"חנ (1) ==> תמקה - ןוריע ל"חנ
- תות ןיע 70 שיבכ (3), - תות ןיע 07 שיבכ (1) ==> - תות ןיע 70 שיבכ
תועיסנו בכר תקזחה (7), תועיסנו בכר הקזחא (6) ==> תועיסנו בכר תקזחה
לועפתו הקזחה תואצוה (11), לועפתו הקזחא תואצוה (8) ==> לועפתו הקזחה תואצוה
תויזכרמ תוסנכהל הרבעה (6), תויזכרמ תוסנכהח הרבעה (1) ==> תויזכרמ תוסנכהל הרבעה
םדא חכ איש (6), םדא וכ איש (1) ==> םדא חכ איש
רפכ ףקוע - 57 שיבכ -מ (2), רפכ ףקוע - 75 שיבכ -מ (1) ==> רפכ ףקוע - 57 שיבכ -מ
-ירוטלובמא לופטמ הסנכה (2), ,ירוטלובמא לופטמ הסנכה (1) ==> -ירוטלובמא לופטמ הסנכה
םילשורי ץעמ ןינב (4), םילשוריצ"עמ ןינב (2) ==> םילשורי ץעמ ןינב
ןוחטיב ירדח 56 תיינב (3), ןוחטיב ירדח 65 תיינב (2) ==> ןוחטיב ירדח 56 תיינב
16 ףיעס תופתתשה (6), 61 ףיעס תופתתשה (4) ==> 16 ףיעס תופתתשה
ימרוגמ תוניחבמ הסנכה (6), ימרוגל תוניחבמ הסנכה (1) ==> ימרוגמ תוניחבמ הסנכה
א"עת ח"ע בכר תקזכא (6), א"עת ח"ע בכר תקזחא (3) ==> א"עת ח"ע בכר תקזכא
רדח לא-הסדה רוצ (4), רדח לא הסדה רוצ (1) ==> רדח לא-הסדה רוצ
2000 תנשל הרגמ תינכת (3), 0002 תנשל הרגמ תינכת (1) ==> 2000 תנשל הרגמ תינכת
- 13 ףיעסמ תופתתשה (3), - 31 ףיעסמ תופתתשה (2) ==> - 13 ףיעסמ תופתתשה
2000 תנשל םיעוריא (4), 0002 תנשל םיעוריא (3) ==> 2000 תנשל םיעוריא
IDA (12), ADI (8) ==> IDA
ךליאו 97 יארשאל הברזר (5), ךליאו 79 יארשאל הברזר (2) ==> ךליאו 97 יארשאל הברזר
- ףטס .צ 395 שיבכ -ד (2), - ףטס .צ 593 שיבכ -ד (1) ==> - ףטס .צ 395 שיבכ -ד
הבחרה - 90 שיבכ -צ (2), הבחרה - 09 שיבכ -צ (1) ==> הבחרה - 90 שיבכ -צ
471-תיבכמ שיבכ -מ (3), 174-תיבכמ שיבכ -מ (2) ==> 471-תיבכמ שיבכ -מ
יבושיל (%75) האוולה (7), יבושיל )%57( האוולה (5) ==> יבושיל (%75) האוולה
יבושיל (%25) קנעמ (7), יבושיל )%52( קנעמ (5) ==> יבושיל (%25) קנעמ
םיזורד םינ"תפמ (8), םיזורד םי"נתפמ (6) ==> םיזורד םינ"תפמ
ק"סמ לועפתב תופתתשה (5), י"טמ לועפתב תופתתשה (2) ==> ק"סמ לועפתב תופתתשה
2003 םימ רוקיימ תורומת (3), 3002 םימ רוקיימ תורומת (1) ==> 2003 םימ רוקיימ תורומת
יתלשממ רוידב שומיש ימד (7), יתלשממ רוידו שומיש ימד (3) ==> יתלשממ רוידב שומיש ימד
דוסבס - ד"חי 200 תיינב (3), דוסבס - ד"חי 002 תיינב (1) ==> דוסבס - ד"חי 200 תיינב
89 דע חותיפ תומלשה (2), 98 דע חותיפ תומלשה (1) ==> 89 דע חותיפ תומלשה
7991 יליחתמ - הישעת (2), 1997 יליחתמ - הישעת (1) ==> 7991 יליחתמ - הישעת
DRP - יוביג רתא (3), PRD - יוביג רתא (1) ==> DRP - יוביג רתא
תיערא הדובע ישדוח 07 (3), תיערא הדובע ישדוח 86 (1) ==> תיערא הדובע ישדוח 07
אוביה לע לטיהו סכמ (4), `וביה לע לטיהו סכמ (1) ==> אוביה לע לטיהו סכמ
- ךוניחה דרשמ תופתתשה (2), 0 ךוניחה דרשמ תופתתשה (1) ==> - ךוניחה דרשמ תופתתשה
החוור) תוברת תוליעפ (11), החוור( תוברת תוליעפ (7) ==> החוור) תוברת תוליעפ
)04( םייתנוע םידבוע (2), )15( םייתנוע םידבוע (1), )25( םייתנוע םידבוע (1), )44( םייתנוע םידבוע (1), )96( םייתנוע םידבוע (1) ==> )04( םייתנוע םידבוע
המדא תודיער 38 א"מת (4), המדא תודיער 83 א"מת (3) ==> המדא תודיער 38 א"מת
תופתתשה - 38 ה"מת (4), תופתתשה - 83 ה"מת (3) ==> תופתתשה - 38 ה"מת
ךוניח ינבמ ןונכית (6), ךוניח ינכמ ןונכית (1) ==> ךוניח ינבמ ןונכית
תוילנויספורפ תועש (18), תוילאמיספורפ תועש (1) ==> תוילנויספורפ תועש
יקשמ ,ידרשמ דויצ (17), יקשמו ידרשמ דויצ (2) ==> יקשמ ,ידרשמ דויצ
צ"חתב יסנניפ חוקיפ (6), צ"חתב יםנניפ חוקיפ (2) ==> צ"חתב יסנניפ חוקיפ
000,2 תנשל תוכרעה (3), 2,000 תנשל תוכרעה (2) ==> 000,2 תנשל תוכרעה
200 תיינבל תואוולה (2), 002 תיינבל תואוולה (1) ==> 200 תיינבל תואוולה
ימוקמ תויורקיתיהל הברזר (8), ימוקמ תויורקייתהל הברזר (2) ==> ימוקמ תויורקיתיהל הברזר
ישדוח) תיערא הדובע (5), ישדוח( תיערא הדובע (3) ==> ישדוח) תיערא הדובע
תויסולכואב הכימת (9), תויסולכואת הכימת (1) ==> תויסולכואב הכימת
ישי תמר - םענקי (2), יגי תמר - םענקי (1) ==> ישי תמר - םענקי
תורשמ 5.14 םדא חכ איש (3), תורשמ 5.04 םדא חכ איש (1) ==> תורשמ 5.14 םדא חכ איש
תוסנכה - 18.5% השיכר (3), תוסנכה - 5.81% השיכר (1) ==> תוסנכה - 18.5% השיכר
לועפת - םיגהנ תכרדה (4), 672,21( םיגהנ תכרדה (3), 12,276) םיגהנ תכרדה (3) ==> לועפת - םיגהנ תכרדה
)'ש 3( הזוח יפל םידבוע (3), ('ש 3) הזוח יפל םידבוע (1) ==> )'ש 3( הזוח יפל םידבוע
םישרח רפושמ 07 לולסמ (9), םישרח רפושמ 70 לולסמ (8) ==> םישרח רפושמ 07 לולסמ
27 ,77 םישיבכ (3), 72 ,77 םישיבכ (2) ==> 27 ,77 םישיבכ
57  סמ שיבכ (3), 75  סמ שיבכ (2) ==> 57  סמ שיבכ
םורד 09 םישיבכ (3), םורד 90 םישיבכ (2) ==> םורד 09 םישיבכ
98 ,78 ,58 םישיבכ (3), 89 ,87 ,85 םישיבכ (2) ==> 98 ,78 ,58 םישיבכ
99 ,19 סמ םישיבכ (3), 99 ,91 סמ םישיבכ (2) ==> 99 ,19 סמ םישיבכ
ןופצ 09 סמ שיבכ (3), ןופצ 90 סמ שיבכ (2) ==> ןופצ 09 סמ שיבכ
75 'סמ שיבכ (3), 57 'סמ שיבכ (2) ==> 75 'סמ שיבכ
73 ,79 םישיבכ (3), 37 ,97 םישיבכ (2) ==> 73 ,79 םישיבכ
89 ,87 ,85 םישיבכ (3), 98 ,78 ,58 םישיבכ (2) ==> 89 ,87 ,85 םישיבכ
72 ,77 םישיבכ (3), 27 ,77 םישיבכ (2) ==> 72 ,77 םישיבכ
60 'סמ שיבכ (3), 06 'סמ שיבכ (2) ==> 60 'סמ שיבכ
65 םישיבכ (3), 56 םישיבכ (2) ==> 65 םישיבכ
71 'סמ שיבכ (3), 17 'סמ שיבכ (2) ==> 71 'סמ שיבכ
רפכ ףקוע 70 'סמ שיבכ (3), רפכ ףקוע 07 'סמ שיבכ (2) ==> רפכ ףקוע 70 'סמ שיבכ
ןופצ 90 'סמ שיבכ (3), ןופצ 09 'סמ שיבכ (2) ==> ןופצ 90 'סמ שיבכ
םורד 90 םישיבכ (3), םורד 09 םישיבכ (2) ==> םורד 90 םישיבכ
יברע רזגמ יארשא (9), יברע רזגמ חארשא (1) ==> יברע רזגמ יארשא
ח"טמב תויורקיתיהל הברזר (8), ח"טמב תויורקייתהל הברזר (7) ==> ח"טמב תויורקיתיהל הברזר
ןומימב) רזע ידבוע (7), ןומימב( רזע ידבוע (5) ==> ןומימב) רזע ידבוע
- םיררוב רכשב תופתתשה (4), - תוררוב רכשב תופתתשה (1) ==> - םיררוב רכשב תופתתשה
דרשמה ןוגראר (14), דרשמה ןוגריא (2) ==> דרשמה ןוגראר
34 ןוקית - זוחמ יננכתמ (5), 43 ןוקית - זוחמ יננכתמ (3) ==> 34 ןוקית - זוחמ יננכתמ
םיכינח הטילק תואצוה (14), םיכינח תטילק תואצוה (1) ==> םיכינח הטילק תואצוה
98 דע תוקנעה (4), 89 דע תוקנעה (3) ==> 98 דע תוקנעה
ףותישב - 431 שיבכ (6), ףותישב - 134 שיבכ (2) ==> ףותישב - 431 שיבכ
תוברע) םירחא תוולמ (4), תוברע( םירחא תוולמ (2) ==> תוברע) םירחא תוולמ
17  סמ שיבכ (3), 71  סמ שיבכ (2) ==> 17  סמ שיבכ
37 ,97 םישיבכ (3), 73 ,79 םישיבכ (2) ==> 37 ,97 םישיבכ
04  סמ שיבכ (3), 40  סמ שיבכ (2) ==> 04  סמ שיבכ
44 ,24 םישיבכ (3), 44 ,42 םישיבכ (2) ==> 44 ,24 םישיבכ
אלה רזגמל (25%) קנעמ (7), אלה רזגמל )52%( קנעמ (5) ==> אלה רזגמל (25%) קנעמ
'צ ליבומה 'צ-:79 שיבכ (3), 'צ ליבומה 'צ-:97 שיבכ (2) ==> 'צ ליבומה 'צ-:79 שיבכ
מ"למ תסונכה (5), מ"למ תוסנכה (4) ==> מ"למ תסונכה
יתלשממ בכר תקזחא (4), יתלשממ בכר תקזחה (2) ==> יתלשממ בכר תקזחא
561 הטלחה ןופצה דודיע (3), 165 הטלחה ןופצה דודיע (2) ==> 561 הטלחה ןופצה דודיע
ץוח ימרוגמ תוסנכה (10), ץוח ימרושמ תוסנכה (1) ==> ץוח ימרוגמ תוסנכה
הכימת - 2003 םימ ץוציק (3), הכימת - 3002 םימ ץוציק (2) ==> הכימת - 2003 םימ ץוציק
םיפקוע) םייפרוע םישיבכ (3), םיפקוע( םייפרוע םישיבכ (2) ==> םיפקוע) םייפרוע םישיבכ
ח"ור ץועיב תופתתשה (12), האור ץועיב תופתתשה (1) ==> ח"ור ץועיב תופתתשה
תקסעהל םירתיהו תונוישיר (5), תקסעהל םירתיהו תונויכיז (2) ==> תקסעהל םירתיהו תונוישיר
2001 םוכיס תיערא הדובע (4), 1002 םוכיס תיערא הדובע (3) ==> 2001 םוכיס תיערא הדובע
יבנע) תדחוימ תוגלמ ןרק (6), יבנע( תדחוימ תוגלמ ןרק (4) ==> יבנע) תדחוימ תוגלמ ןרק
סכמ - החוור תולועפ (6), סכמ - החוור תוליעפ (1) ==> סכמ - החוור תולועפ
ל"וחבתוכשל בושחימ (5), ל"וח תוכשל בושחימ (1) ==> ל"וחבתוכשל בושחימ
םינוויהל הדועי (6), םינוויהל הדותע (2) ==> םינוויהל הדועי
הירבטב 348 שיבכ (4), הירבטב 843 שיבכ (1) ==> הירבטב 348 שיבכ
םירוטקלס רכש (3), םירוטקלפ רכש (2) ==> םירוטקלס רכש
18 עטק ןונכת (3), 81 עטק ןונכת (2) ==> 18 עטק ןונכת
םירחא תונוישרו תורגא (4), םירח` תונוישרו תורג` (1) ==> םירחא תונוישרו תורגא
ינבר ןיד תיב תמקה (2), ינבר םיד תיב תמקה (1) ==> ינבר ןיד תיב תמקה
שיבכב) קחש לחנ רשג (2), שיבכב( קחש לחנ רשג (1) ==> שיבכב) קחש לחנ רשג
'צ תיבומה 'צ :79 שיבכ (2), 'צ תיבומה 'צ :97 שיבכ (1) ==> 'צ תיבומה 'צ :79 שיבכ
רעש-שמש תיב תמר:38 שיבכ (2), רעש-שמש תיב תמר:83 שיבכ (1) ==> רעש-שמש תיב תמר:38 שיבכ
ןדמואה לעמ תדעוימ הסנכה (3), ןדמו`ה לעמ תדעוימ הסנכה (1) ==> ןדמואה לעמ תדעוימ הסנכה
93 ןוקיתל םאתמ תוסנכה (7), 39 ןוקיתל םאתמ תוסנכה (6) ==> 93 ןוקיתל םאתמ תוסנכה
80 ףיעסב תופתתשה (2), 08 ףיעסב תופתתשה (1) ==> 80 ףיעסב תופתתשה
ןונכת תודסומ תוריש רקס (2), ןונכת תודעומ תוריש רקס (1) ==> ןונכת תודסומ תוריש רקס
צ"חת יווק תסירפ ןונכת (3), צ"חת יווק תסורפ ןונכת (2) ==> צ"חת יווק תסירפ ןונכת
)53( םיאגלימ תכרדה (2), )44( םיאגלימ תכרדה (2), )54( םיאגלימ תכרדה (1), (25) םיאגלימ תכרדה (1), )04( םיאגלימ תכרדה (1), (35) םיאגלימ תכרדה (1), )52( םיאגלימ תכרדה (1) ==> )53( םיאגלימ תכרדה
םירקוח תומלתשהו ןותבש (4), םירקוח תופתתשהו ןותבש (3) ==> םירקוח תומלתשהו ןותבש
םיטפשמ( יטפשמ עויס (14), םיטפשמ) יטפשמ עויס (12) ==> םיטפשמ( יטפשמ עויס
ןופצ ןולייא-20 שיבכ (7), ןופצ ןולייא-02 שיבכ (5) ==> ןופצ ןולייא-20 שיבכ
ןוספלוו עטק-20 שיבכ (7), ןוספלוו עטק-02 שיבכ (5) ==> ןוספלוו עטק-20 שיבכ
12,276) םיגהנ תכרדה (6), 062,41( םיגהנ תכרדה (5), 672,21( םיגהנ תכרדה (2), 560,41( םיגהנ תכרדה (1), 062,11( םיגהנ תכרדה (1), 672,21) םיגהנ תכרדה (1) ==> 12,276) םיגהנ תכרדה
ר.ח.צל BOT קנעמ (4), ר.ח.צל TOB קנעמ (2) ==> ר.ח.צל BOT קנעמ
לועפתו חוקיפ ,ןונכת (3), לועפתו חוקיפו ןונכת (1) ==> לועפתו חוקיפ ,ןונכת
-ירוטלובמא לופטמ הסנכה (2), ,ירוטלובמא לופטמ הסנכה (1) ==> -ירוטלובמא לופטמ הסנכה
)ןמרש ןרק( המורתמ הסנכה (2), (ןמרש ןרק) המורתמ הסנכה (1) ==> )ןמרש ןרק( המורתמ הסנכה
150) תופש ידומל רובגת (4), 051( תופש ידומל רובגת (2) ==> 150) תופש ידומל רובגת
120) תישיא תובייוחמ (4), 021( תישיא תובייוחמ (2) ==> 120) תישיא תובייוחמ
הירמוש ףקש -358 שיבכ (4), הירמוש ףקש -853 שיבכ (2) ==> הירמוש ףקש -358 שיבכ
תיבה תקזחה תואצוה (14), תיבה תקזחא תואצוה (5) ==> תיבה תקזחה תואצוה
(2) םיחטבאמ תועש (5), )2( םיחטבאמ תועש (2) ==> (2) םיחטבאמ תועש
סכמ) תוריקחו ןיעידומ (6), סכמ( תוריקחו ןיעידומ (4) ==> סכמ) תוריקחו ןיעידומ
סמ תוביצנ) תוריקח (6), סמ תוביצנ( תוריקח (4) ==> סמ תוביצנ) תוריקח
- מ"עמו סכמ - הטמ (4), - מ"עמו סכמ - הטה (2) ==> - מ"עמו סכמ - הטמ
61 ףיעס תופתתשה (8), 16 ףיעס תופתתשה (6) ==> 61 ףיעס תופתתשה
b.o.t יטקיורפ םודיק (3), t.o.b יטקיורפ םודיק (2) ==> b.o.t יטקיורפ םודיק
חותיפו ןונכית תויתשת (3), חוקיפו ןונכית תויתשת (1) ==> חותיפו ןונכית תויתשת
חוקיפו ןונכת תויתשת (4), חותיפו ןונכת תויתשת (3) ==> חוקיפו ןונכת תויתשת
431 שיבכ רוביח -מ (3), 134 שיבכ רוביח -מ (2) ==> 431 שיבכ רוביח -מ
9/14 ע"בת - הרדח (2), 41/9 ע"בת - הרדח (1) ==> 9/14 ע"בת - הרדח
524ו 1 'סמ שיבכ (3), 425ו 1 'סמ שיבכ (2) ==> 524ו 1 'סמ שיבכ
21 א"מת ןוכדיע (10), 12 א"מת ןוכדיע (7) ==> 21 א"מת ןוכדיע
םיב"דח 70 ףיעס תופתתשה (5), םיב"דח 07 ףיעס תופתתשה (4) ==> םיב"דח 70 ףיעס תופתתשה
2001 יליחתמ - הישעת (3), 1002 יליחתמ - הישעת (2) ==> 2001 יליחתמ - הישעת
2001 יליחתמ - הלשממ (3), 1002 יליחתמ - הלשממ (2) ==> 2001 יליחתמ - הלשממ
2001 יליחתמ - םיר"כלמ (3), 1002 יליחתמ - םיר"כלמ (2) ==> 2001 יליחתמ - םיר"כלמ
ללוכ( ל"וח -םיקרבמ (13), ללוכ) ל"וח -םיקרבמ (9) ==> ללוכ( ל"וח -םיקרבמ
םילוע םיכנ תקזחה (8), םילוע םיכנ תקזחא (6) ==> םילוע םיכנ תקזחה
)82( םייתנוע םידבוע (2), )33( םייתנוע םידבוע (1), )43( םייתנוע םידבוע (1) ==> )82( םייתנוע םידבוע
ןדמואה לעמ תדעוימ הסנכה (17), ןדמו`ה לעמ תדעוימ הסנכה (1) ==> ןדמואה לעמ תדעוימ הסנכה
הקזחאו לועפת תואצוה (2), הקזחאו תועפת תואצוה (1) ==> הקזחאו לועפת תואצוה
(2) תופסונ תועש (3), )2( תופסונ תועש (1) ==> (2) תופסונ תועש
זגו םימ ,למשח רוביח (5), זגו םימ, למשח רוביח (3) ==> זגו םימ ,למשח רוביח
הכרדהו להנימ תוכרעמ (14), הכרדה ,להנימ תוכרעמ (5) ==> הכרדהו להנימ תוכרעמ
דע( םינטק םינונכת (6), דע) םינטק םינונכת (2) ==> דע( םינטק םינונכת
- הלופע ףקוע - 65 שיבכ (3), - הלופע ףקוע - 56 שיבכ (2) ==> - הלופע ףקוע - 65 שיבכ
53 םילשורי-םדא חכ איש (11), 35 םילשורי-םדא חכ איש (6) ==> 53 םילשורי-םדא חכ איש
יתוריש תיינק - צ"לש (6), יתוריש תיינק - ץ"לש (4) ==> יתוריש תיינק - צ"לש
174 - תיבכמ שיבכ (3), 471 - תיבכמ שיבכ (2) ==> 174 - תיבכמ שיבכ
ללוכ) םוסרפו הרבסה (7), ללוכ( םוסרפו הרבסה (5) ==> ללוכ) םוסרפו הרבסה
85 םכסה -לילגה ןתסוב (3), 58 םכסה -לילגה ןתסוב (1) ==> 85 םכסה -לילגה ןתסוב
(600) ימואל תורש (4), )006( ימואל תורש (4), (617) ימואל תורש (3), (400) ימואל תורש (2), )716( ימואל תורש (1), )004( ימואל תורש (1) ==> (600) ימואל תורש
הרשכהל םירבוש 300 (4), הרשכהל םירבוש 003 (3) ==> הרשכהל םירבוש 300
214 ,114 ,014 םישיבכ (3), 412 ,411 ,410 םישיבכ (2) ==> 214 ,114 ,014 םישיבכ
174 ,134,164 בחור ישיבכ (3), 471 ,461,431 בחור ישיבכ (2) ==> 174 ,134,164 בחור ישיבכ
תורפס ,הבוח יספט (7), תורפסו הבוח יספט (6) ==> תורפס ,הבוח יספט
13 ,52 סמ םישיבכ (3), 31 ,25 סמ םישיבכ (2) ==> 13 ,52 סמ םישיבכ
425-ו 1 'סמ שיבכ (3), 524-ו 1 'סמ שיבכ (2) ==> 425-ו 1 'סמ שיבכ
)%03( תוכנ תבצקמ תוסנכה (5), (%30) תוכנ תבצקמ תוסנכה (1) ==> )%03( תוכנ תבצקמ תוסנכה
2001 םוכיס תיערא הדובע (4), 1002 םוכיס תיערא הדובע (3) ==> 2001 םוכיס תיערא הדובע
הלכלכו ןונכת תולועפ (17), הלכלכ ,ןונכת תולועפ (1) ==> הלכלכו ןונכת תולועפ
הלפכה - 446 שיבכ -מ (2), הלפכה - 644 שיבכ -מ (1) ==> הלפכה - 446 שיבכ -מ
אישנה לשא - 31 שיבכ -ד (2), אישנה לשא - 13 שיבכ -ד (1) ==> אישנה לשא - 31 שיבכ -ד
.צ לייא .צ 551 שיבכ -מ (3), .צ לייא .צ 155 שיבכ -מ (2) ==> .צ לייא .צ 551 שיבכ -מ
תעבג.צ - 411 שיבכ -מ (3), תעבג.צ - 114 שיבכ -מ (2) ==> תעבג.צ - 411 שיבכ -מ
תיב-תורטע-45 שיבכ -מ (3), תיב-תורטע-54 שיבכ -מ (2) ==> תיב-תורטע-45 שיבכ -מ
31 ביצקת תופתתשה (7), 13 ביצקת תופתתשה (4) ==> 31 ביצקת תופתתשה
תורשמ 63 םדא חכ איש (3), תורשמ 53 םדא חכ איש (1) ==> תורשמ 63 םדא חכ איש
'80 ףיעס יפל יוציפ (3), '08 ףיעס יפל יוציפ (1) ==> '80 ףיעס יפל יוציפ
'ב 70 קנעמ (3), 'ב 07 קנעמ (1) ==> 'ב 70 קנעמ
300 תיינבל יארשא דוסבס (9), 003 תיינבל יארשא דוסבס (6) ==> 300 תיינבל יארשא דוסבס
300 תיינבל םיקנעמ (3), 003 תיינבל םיקנעמ (2) ==> 300 תיינבל םיקנעמ
תודיחי 004 תינבל םיקנעמ (2), תודיחי 528 תינבל םיקנעמ (1) ==> תודיחי 004 תינבל םיקנעמ
2003 תנשל רויד יצבקמ (3), 3002 תנשל רויד יצבקמ (2) ==> 2003 תנשל רויד יצבקמ
ירבכ - ימולש - 70 שיבכ (2), ירבכ - ימולש - 07 שיבכ (1) ==> ירבכ - ימולש - 70 שיבכ
- "0002 גאב" תוקידב (2), - "2000 גאב" תוקידב (1) ==> - "0002 גאב" תוקידב
(8) התימצ יתלב הדובע (6), )8( התימצ יתלב הדובע (5) ==> (8) התימצ יתלב הדובע
- 20 שיבכ תונימז םודיק (2), - 02 שיבכ תונימז םודיק (1) ==> - 20 שיבכ תונימז םודיק
ןוחטיב ירדח 65 תיינב (2), ןוחטיב ירדח 56 תיינב (1) ==> ןוחטיב ירדח 65 תיינב
83 ףיעסמ תופתתשה (4), 38 ףיעסמ תופתתשה (3) ==> 83 ףיעסמ תופתתשה
2000 ג"בשר (4), 0002 ג"בשר (2) ==> 2000 ג"בשר
ןיגב תונבשחתה רמג (5), ןיגב תונבשחתה רמד (1) ==> ןיגב תונבשחתה רמג
ח"ע( תודייטצהו חותיפ (12), ח"ע) תודייטצהו חותיפ (11) ==> ח"ע( תודייטצהו חותיפ
םייזכרמ םילס (7), םייזוחמ םילס (1) ==> םייזכרמ םילס
(%50) יארשאל הדותע (2), )%05( יארשאל הדותע (1), (%30) יארשאל הדותע (1), )%03( יארשאל הדותע (1) ==> (%50) יארשאל הדותע
